build/app/intermediates/manifest_merge_blame_file/release/manifest-merger-blame-release-report.txt
1<?xml version="1.0" encoding="utf-8"?>
2<manifest xmlns:android="http://schemas.android.com/apk/res/android"
3    package="com.example.something"
4    android:versionCode="1"
5    android:versionName="1.0.0" >
6
7    <uses-sdk
8        android:minSdkVersion="19"
8-->src\main\AndroidManifest.xml
9        android:targetSdkVersion="31" />
9-->src\main\AndroidManifest.xml
10
11    <queries>
11-->src\main\AndroidManifest.xml:3:5-16:11
12        <intent>
12-->src\main\AndroidManifest.xml:4:5-7:14
13            <action android:name="android.intent.action.VIEW" />
13-->src\main\AndroidManifest.xml:5:9-61
13-->src\main\AndroidManifest.xml:5:17-58
14
15            <data android:scheme="https" />
15-->src\main\AndroidManifest.xml:6:9-40
15-->src\main\AndroidManifest.xml:6:15-37
16        </intent>
17        <intent>
17-->src\main\AndroidManifest.xml:8:5-11:14
18            <action android:name="android.intent.action.DIAL" />
18-->src\main\AndroidManifest.xml:9:9-61
18-->src\main\AndroidManifest.xml:9:17-58
19
20            <data android:scheme="tel" />
20-->src\main\AndroidManifest.xml:6:9-40
20-->src\main\AndroidManifest.xml:6:15-37
21        </intent>
22        <intent>
22-->src\main\AndroidManifest.xml:12:5-15:14
23            <action android:name="android.intent.action.SEND" />
23-->src\main\AndroidManifest.xml:13:9-61
23-->src\main\AndroidManifest.xml:13:17-58
24
25            <data android:mimeType="*/*" />
25-->src\main\AndroidManifest.xml:6:9-40
25-->src\main\AndroidManifest.xml:14:15-37
26        </intent>
27    </queries>
28
29    <application
30        android:name="android.app.Application"
30-->src\main\AndroidManifest.xml:19:9-42
31        android:appComponentFactory="androidx.core.app.CoreComponentFactory"
31-->[androidx.core:core:1.7.0] AndroidManifest.xml:24:18-86
32        android:icon="@mipmap/ic_launcher"
32-->src\main\AndroidManifest.xml:20:9-43
33        android:label="Đố Vui" >
33-->src\main\AndroidManifest.xml:18:9-31
34        <activity
34-->src\main\AndroidManifest.xml:21:9-41:20
35            android:name="com.example.something.MainActivity"
35-->src\main\AndroidManifest.xml:22:13-41
36            android:configChanges="orientation|keyboardHidden|keyboard|screenSize|smallestScreenSize|locale|layoutDirection|fontScale|screenLayout|density|uiMode"
36-->src\main\AndroidManifest.xml:26:13-163
37            android:exported="true"
37-->src\main\AndroidManifest.xml:23:13-36
38            android:hardwareAccelerated="true"
38-->src\main\AndroidManifest.xml:27:13-47
39            android:launchMode="singleTop"
39-->src\main\AndroidManifest.xml:24:13-43
40            android:theme="@style/LaunchTheme"
40-->src\main\AndroidManifest.xml:25:13-47
41            android:windowSoftInputMode="adjustResize" >
41-->src\main\AndroidManifest.xml:28:13-55
42
43            <!--
44                 Specifies an Android theme to apply to this Activity as soon as
45                 the Android process has started. This theme is visible to the user
46                 while the Flutter UI initializes. After that, this theme continues
47                 to determine the Window background behind the Flutter UI.
48            -->
49            <meta-data
49-->src\main\AndroidManifest.xml:33:13-36:17
50                android:name="io.flutter.embedding.android.NormalTheme"
50-->src\main\AndroidManifest.xml:34:15-70
51                android:resource="@style/NormalTheme" />
51-->src\main\AndroidManifest.xml:35:15-52
52
53            <intent-filter>
53-->src\main\AndroidManifest.xml:37:13-40:29
54                <action android:name="android.intent.action.MAIN" />
54-->src\main\AndroidManifest.xml:38:17-68
54-->src\main\AndroidManifest.xml:38:25-66
55
56                <category android:name="android.intent.category.LAUNCHER" />
56-->src\main\AndroidManifest.xml:39:17-76
56-->src\main\AndroidManifest.xml:39:27-74
57            </intent-filter>
58        </activity>
59        <!--
60             Don't delete the meta-data below.
61             This is used by the Flutter tool to generate GeneratedPluginRegistrant.java
62        -->
63        <meta-data
63-->src\main\AndroidManifest.xml:44:9-46:33
64            android:name="flutterEmbedding"
64-->src\main\AndroidManifest.xml:45:13-44
65            android:value="2" />
65-->src\main\AndroidManifest.xml:46:13-30
66
67        <activity
67-->[:url_launcher_android] AndroidManifest.xml:10:9-13:74
68            android:name="io.flutter.plugins.urllauncher.WebViewActivity"
68-->[:url_launcher_android] AndroidManifest.xml:11:13-74
69            android:exported="false"
69-->[:url_launcher_android] AndroidManifest.xml:12:13-37
70            android:theme="@android:style/Theme.NoTitleBar.Fullscreen" />
70-->[:url_launcher_android] AndroidManifest.xml:13:13-71
71
72        <uses-library
72-->[androidx.window:window:1.0.0-beta04] AndroidManifest.xml:25:9-27:40
73            android:name="androidx.window.extensions"
73-->[androidx.window:window:1.0.0-beta04] AndroidManifest.xml:26:13-54
74            android:required="false" />
74-->[androidx.window:window:1.0.0-beta04] AndroidManifest.xml:27:13-37
75        <uses-library
75-->[androidx.window:window:1.0.0-beta04] AndroidManifest.xml:28:9-30:40
76            android:name="androidx.window.sidecar"
76-->[androidx.window:window:1.0.0-beta04] AndroidManifest.xml:29:13-51
77            android:required="false" />
77-->[androidx.window:window:1.0.0-beta04] AndroidManifest.xml:30:13-37
78    </application>
79
80</manifest>